<?xml version="1.0" encoding="UTF-8"?>
<testng-results skipped="0" failed="0" ignored="0" total="1" passed="1">
  <reporter-output>
  </reporter-output>
  <suite name="Default suite" duration-ms="18" started-at="2020-01-02T13:34:08 IST" finished-at="2020-01-02T13:34:08 IST">
    <groups>
    </groups>
    <test name="Default test" duration-ms="18" started-at="2020-01-02T13:34:08 IST" finished-at="2020-01-02T13:34:08 IST">
      <class name="Anksuh.Yotube.Youtube_IR">
        <test-method status="PASS" signature="Test()[pri:0, instance:Anksuh.Yotube.Youtube_IR@66480dd7]" name="Test" duration-ms="0" started-at="2020-01-02T13:34:08 IST" finished-at="2020-01-02T13:34:08 IST">
          <reporter-output>
          </reporter-output>
        </test-method> <!-- Test -->
      </class> <!-- Anksuh.Yotube.Youtube_IR -->
    </test> <!-- Default test -->
  </suite> <!-- Default suite -->
</testng-results>
